<?xml version="1.0" encoding="UTF-8"?>
<!-- Generated by org.testng.reporters.JUnitReportReporter -->
<testsuite hostname="DESKTOP-3TOEQIK" name="Org.qsp.TestData.ValidLogIn" tests="1" failures="0" timestamp="5 Dec 2020 08:53:10 GMT" time="45.627" errors="0">
  <testcase name="TcValidLogin" time="45.627" classname="Org.qsp.TestData.ValidLogIn"/>
</testsuite> <!-- Org.qsp.TestData.ValidLogIn -->
